<?xml version="1.0" encoding="UTF-8"?>
<testng-results ignored="0" total="1" passed="1" failed="0" skipped="0">
  <reporter-output>
  </reporter-output>
  <suite started-at="2022-06-30T14:44:37 EDT" name="Surefire suite" finished-at="2022-06-30T14:44:37 EDT" duration-ms="56">
    <groups>
    </groups>
    <test started-at="2022-06-30T14:44:37 EDT" name="Surefire test" finished-at="2022-06-30T14:44:37 EDT" duration-ms="56">
      <class name="bddAutomation.cucumberLearning.AppTest">
        <test-method signature="shouldAnswerWithTrue()" started-at="2022-06-30T14:44:37 EDT" name="shouldAnswerWithTrue" finished-at="2022-06-30T14:44:37 EDT" duration-ms="7" status="PASS">
          <reporter-output>
          </reporter-output>
        </test-method> <!-- shouldAnswerWithTrue -->
      </class> <!-- bddAutomation.cucumberLearning.AppTest -->
    </test> <!-- Surefire test -->
  </suite> <!-- Surefire suite -->
</testng-results>
