<?xml version="1.0" encoding="UTF-8"?>
<testng-results ignored="0" total="0" passed="0" failed="0" skipped="0">
  <reporter-output>
  </reporter-output>
  <suite started-at="2022-06-30T14:44:37 EDT" name="Surefire suite" finished-at="2022-06-30T14:44:37 EDT" duration-ms="453">
    <groups>
      <group name="cucumber">
        <method signature="AbstractTestNGCucumberTests.runScenario(io.cucumber.testng.PickleWrapper,io.cucumber.testng.FeatureWrapper)[pri:0, instance:cucumberRunnerOtpions.TestNGTestRunner@394a2528]" name="runScenario" class="io.cucumber.testng.AbstractTestNGCucumberTests"/>
      </group> <!-- cucumber -->
    </groups>
    <test started-at="2022-06-30T14:44:37 EDT" name="Surefire test" finished-at="2022-06-30T14:44:37 EDT" duration-ms="453">
      <class name="cucumberRunnerOtpions.TestNGTestRunner">
        <test-method is-config="true" signature="setUpClass(org.testng.ITestContext)[pri:0, instance:cucumberRunnerOtpions.TestNGTestRunner@394a2528]" started-at="2022-06-30T14:44:37 EDT" name="setUpClass" finished-at="2022-06-30T14:44:37 EDT" duration-ms="374" status="PASS">
          <params>
            <param index="0">
              <value>
                <![CDATA[org.testng.TestRunner@1b45c0e]]>
              </value>
            </param>
          </params>
          <reporter-output>
          </reporter-output>
        </test-method> <!-- setUpClass -->
        <test-method is-config="true" signature="tearDownClass()[pri:0, instance:cucumberRunnerOtpions.TestNGTestRunner@394a2528]" started-at="2022-06-30T14:44:37 EDT" name="tearDownClass" finished-at="2022-06-30T14:44:37 EDT" duration-ms="21" status="PASS">
          <reporter-output>
          </reporter-output>
        </test-method> <!-- tearDownClass -->
      </class> <!-- cucumberRunnerOtpions.TestNGTestRunner -->
    </test> <!-- Surefire test -->
  </suite> <!-- Surefire suite -->
</testng-results>
