<?xml version="1.0" encoding="UTF-8"?>
<testng-results ignored="0" total="2" passed="2" failed="0" skipped="0">
  <reporter-output>
  </reporter-output>
  <suite started-at="2022-06-30T17:45:34 EDT" name="Default suite" finished-at="2022-06-30T17:45:35 EDT" duration-ms="796">
    <groups>
      <group name="cucumber">
        <method signature="AbstractTestNGCucumberTests.runScenario(io.cucumber.testng.PickleWrapper,io.cucumber.testng.FeatureWrapper)[pri:0, instance:cucumberRunnerOtpions.TestNGTestRunner@316bcf94]" name="runScenario" class="io.cucumber.testng.AbstractTestNGCucumberTests"/>
      </group> <!-- cucumber -->
    </groups>
    <test started-at="2022-06-30T17:45:34 EDT" name="Default test" finished-at="2022-06-30T17:45:35 EDT" duration-ms="796">
      <class name="cucumberRunnerOtpions.TestNGTestRunner">
        <test-method is-config="true" signature="setUpClass(org.testng.ITestContext)[pri:0, instance:cucumberRunnerOtpions.TestNGTestRunner@316bcf94]" started-at="2022-06-30T17:45:34 EDT" name="setUpClass" finished-at="2022-06-30T17:45:34 EDT" duration-ms="473" status="PASS">
          <params>
            <param index="0">
              <value>
                <![CDATA[org.testng.TestRunner@40c80397]]>
              </value>
            </param>
          </params>
          <reporter-output>
          </reporter-output>
        </test-method> <!-- setUpClass -->
        <test-method signature="runScenario(io.cucumber.testng.PickleWrapper,io.cucumber.testng.FeatureWrapper)[pri:0, instance:cucumberRunnerOtpions.TestNGTestRunner@316bcf94]" started-at="2022-06-30T17:45:34 EDT" name="runScenario" description="Runs Cucumber Scenarios" data-provider="scenarios" finished-at="2022-06-30T17:45:34 EDT" duration-ms="179" status="PASS">
          <params>
            <param index="0">
              <value>
                <![CDATA["Form Authentication Login"]]>
              </value>
            </param>
            <param index="1">
              <value>
                <![CDATA["Application Page Open and Form Authentication Login"]]>
              </value>
            </param>
          </params>
          <reporter-output>
          </reporter-output>
        </test-method> <!-- runScenario -->
        <test-method signature="runScenario(io.cucumber.testng.PickleWrapper,io.cucumber.testng.FeatureWrapper)[pri:0, instance:cucumberRunnerOtpions.TestNGTestRunner@316bcf94]" started-at="2022-06-30T17:45:34 EDT" name="runScenario" description="Runs Cucumber Scenarios" data-provider="scenarios" finished-at="2022-06-30T17:45:34 EDT" duration-ms="11" status="PASS">
          <params>
            <param index="0">
              <value>
                <![CDATA["Form Authentication Login"]]>
              </value>
            </param>
            <param index="1">
              <value>
                <![CDATA["Application Page Open and Form Authentication Login"]]>
              </value>
            </param>
          </params>
          <reporter-output>
          </reporter-output>
        </test-method> <!-- runScenario -->
        <test-method is-config="true" signature="tearDownClass()[pri:0, instance:cucumberRunnerOtpions.TestNGTestRunner@316bcf94]" started-at="2022-06-30T17:45:35 EDT" name="tearDownClass" finished-at="2022-06-30T17:45:35 EDT" duration-ms="21" status="PASS">
          <reporter-output>
          </reporter-output>
        </test-method> <!-- tearDownClass -->
      </class> <!-- cucumberRunnerOtpions.TestNGTestRunner -->
    </test> <!-- Default test -->
  </suite> <!-- Default suite -->
</testng-results>
